<?xml version="1.0" encoding="UTF-8"?>
<!-- Generated by org.testng.reporters.JUnitXMLReporter -->
<testsuite ignored="0" hostname="DESKTOP-45HB7T1" failures="0" tests="1" name="Test crome" time="0.108" errors="0" timestamp="2022-09-20T14:08:57 IST">
  <testcase classname="com.Utility.BaseClass" name="@BeforeMethod setup" time="0.009">
    <failure type="java.lang.NullPointerException" message="Cannot invoke &amp;quot;org.openqa.selenium.WebDriver.get(String)&amp;quot; because &amp;quot;com.Utility.BaseClass.driver&amp;quot; is null">
      <![CDATA[java.lang.NullPointerException: Cannot invoke "org.openqa.selenium.WebDriver.get(String)" because "com.Utility.BaseClass.driver" is null
at com.Utility.BaseClass.setup(BaseClass.java:28)
at java.base/java.util.ArrayList.forEach(ArrayList.java:1511)
... Removed 29 stack frames]]>
    </failure>
  </testcase> <!-- @BeforeMethod setup -->
  <testcase classname="com.Utility.BaseClass" name="@AfterMethod TearDown" time="-1.663663137272E9">
    <skipped/>
  </testcase> <!-- @AfterMethod TearDown -->
  <testcase classname="com.Test.VerrifyLoginTest" name="verify_TC_001_loginwithvalidcredential" time="0.0">
    <skipped/>
  </testcase> <!-- verify_TC_001_loginwithvalidcredential -->
</testsuite> <!-- Test crome -->
