<?xml version="1.0" encoding="UTF-8"?>
<testng-results ignored="0" total="1" passed="1" failed="0" skipped="0">
  <reporter-output>
  </reporter-output>
  <suite started-at="2022-09-21T12:07:02 IST" name="Suite" finished-at="2022-09-21T12:07:40 IST" duration-ms="38581">
    <groups>
    </groups>
    <test started-at="2022-09-21T12:07:02 IST" name="Test" finished-at="2022-09-21T12:07:40 IST" duration-ms="38581">
      <class name="com.Test.VerifyHomePageTest">
        <test-method is-config="true" signature="setup(java.lang.String)[pri:0, instance:com.Test.VerifyHomePageTest@17fc391b]" started-at="2022-09-21T12:07:02 IST" name="setup" finished-at="2022-09-21T12:07:06 IST" duration-ms="4476" status="PASS">
          <params>
            <param index="0">
              <value>
                <![CDATA[Chrome]]>
              </value>
            </param>
          </params>
          <reporter-output>
          </reporter-output>
        </test-method> <!-- setup -->
        <test-method signature="verify_TC_001_loginwithvalidcredential()[pri:0, instance:com.Test.VerifyHomePageTest@17fc391b]" started-at="2022-09-21T12:07:06 IST" name="verify_TC_001_loginwithvalidcredential" finished-at="2022-09-21T12:07:06 IST" duration-ms="206" status="PASS">
          <reporter-output>
          </reporter-output>
        </test-method> <!-- verify_TC_001_loginwithvalidcredential -->
        <test-method is-config="true" signature="TearDown()[pri:0, instance:com.Test.VerifyHomePageTest@17fc391b]" started-at="2022-09-21T12:07:37 IST" name="TearDown" finished-at="2022-09-21T12:07:40 IST" duration-ms="3127" status="PASS">
          <reporter-output>
          </reporter-output>
        </test-method> <!-- TearDown -->
      </class> <!-- com.Test.VerifyHomePageTest -->
    </test> <!-- Test -->
  </suite> <!-- Suite -->
</testng-results>
